Drill report for esp32-s3.kicad_pcb
Created on 2026-05-23T11:20:40+0200

Copper Layer Stackup:
    =============================================================
    L1 :  F.Cu                      front
    L2 :  B.Cu                      back


Drill file 'esp32-s3-PTH.drl' contains
    plated through holes:
    =============================================================
    T1  0.200mm  0.0079"  (12 holes)
    T2  0.300mm  0.0118"  (31 holes)
    T3  0.600mm  0.0236"  (4 holes)  (with 4 slots)
    T4  1.000mm  0.0394"  (22 holes)

    Total plated holes count 69


Drill file 'esp32-s3-NPTH.drl' contains
    unplated through holes:
    =============================================================
    T1  0.650mm  0.0256"  (2 holes)
    T2  3.200mm  0.1260"  (4 holes)

    Total unplated holes count 6
