## Footprint report - date 2026-05-23T15:10:26+0200
## Created by KiCad version 9.0.7
## Unit = mm, Angle = deg.

$BeginDESCRIPTION

$BOARD
upper_left_corner 79.975000 26.365000
lower_right_corner 152.125000 92.255000
$EndBOARD

$MODULE C1
footprint Capacitor_SMD:C_01005_0402Metric_Pad0.57x0.30mm_HandSolder
attribut smd
position 95.875000 70.950000  orientation 0.00
layer front
$PAD ""
Shape Roundrect Layer nocopper
position -0.362500  0.000000  size  0.410000  0.270000  orientation 0.00
drill  0.000000
shape_offset  0.000000  0.000000
$EndPAD
$PAD ""
Shape Roundrect Layer nocopper
position  0.362500  0.000000  size  0.410000  0.270000  orientation 0.00
drill  0.000000
shape_offset  0.000000  0.000000
$EndPAD
$PAD "1"
Shape Roundrect Layer front
position -0.337500  0.000000  size  0.575000  0.300000  orientation 0.00
drill  0.000000
shape_offset  0.000000  0.000000
$EndPAD
$PAD "2"
Shape Roundrect Layer front
position  0.337500  0.000000  size  0.575000  0.300000  orientation 0.00
drill  0.000000
shape_offset  0.000000  0.000000
$EndPAD
$EndMODULE  C1

$MODULE C2
footprint Capacitor_SMD:C_0805_2012Metric
attribut smd
position 87.640000 64.000000  orientation 180.00
layer front
$PAD "1"
Shape Roundrect Layer front
position -0.950000  0.000000  size  1.000000  1.450000  orientation 0.00
drill  0.000000
shape_offset  0.000000  0.000000
$EndPAD
$PAD "2"
Shape Roundrect Layer front
position  0.950000  0.000000  size  1.000000  1.450000  orientation 0.00
drill  0.000000
shape_offset  0.000000  0.000000
$EndPAD
$EndMODULE  C2

$MODULE C3
footprint Capacitor_SMD:C_0805_2012Metric
attribut smd
position 87.640000 61.500000  orientation 180.00
layer front
$PAD "1"
Shape Roundrect Layer front
position -0.950000  0.000000  size  1.000000  1.450000  orientation 0.00
drill  0.000000
shape_offset  0.000000  0.000000
$EndPAD
$PAD "2"
Shape Roundrect Layer front
position  0.950000  0.000000  size  1.000000  1.450000  orientation 0.00
drill  0.000000
shape_offset  0.000000  0.000000
$EndPAD
$EndMODULE  C3

$MODULE C4
footprint Capacitor_SMD:C_0603_1608Metric
attribut smd
position 112.000000 53.275000  orientation -90.00
layer front
$PAD "1"
Shape Roundrect Layer front
position -0.775000  0.000000  size  0.900000  0.950000  orientation 360.00
drill  0.000000
shape_offset  0.000000  0.000000
$EndPAD
$PAD "2"
Shape Roundrect Layer front
position  0.775000  0.000000  size  0.900000  0.950000  orientation 360.00
drill  0.000000
shape_offset  0.000000  0.000000
$EndPAD
$EndMODULE  C4

$MODULE C5
footprint Capacitor_SMD:C_0603_1608Metric
attribut smd
position 116.000000 49.675000  orientation 90.00
layer front
$PAD "1"
Shape Roundrect Layer front
position -0.775000  0.000000  size  0.900000  0.950000  orientation 0.00
drill  0.000000
shape_offset  0.000000  0.000000
$EndPAD
$PAD "2"
Shape Roundrect Layer front
position  0.775000  0.000000  size  0.900000  0.950000  orientation 0.00
drill  0.000000
shape_offset  0.000000  0.000000
$EndPAD
$EndMODULE  C5

$MODULE C6
footprint Capacitor_SMD:C_01005_0402Metric_Pad0.57x0.30mm_HandSolder
attribut smd
position 113.500000 49.162500  orientation 90.00
layer front
$PAD ""
Shape Roundrect Layer nocopper
position -0.362500  0.000000  size  0.410000  0.270000  orientation 0.00
drill  0.000000
shape_offset  0.000000  0.000000
$EndPAD
$PAD ""
Shape Roundrect Layer nocopper
position  0.362500  0.000000  size  0.410000  0.270000  orientation 0.00
drill  0.000000
shape_offset  0.000000  0.000000
$EndPAD
$PAD "1"
Shape Roundrect Layer front
position -0.337500  0.000000  size  0.575000  0.300000  orientation 0.00
drill  0.000000
shape_offset  0.000000  0.000000
$EndPAD
$PAD "2"
Shape Roundrect Layer front
position  0.337500  0.000000  size  0.575000  0.300000  orientation 0.00
drill  0.000000
shape_offset  0.000000  0.000000
$EndPAD
$EndMODULE  C6

$MODULE C7
footprint Capacitor_SMD:C_0603_1608Metric
attribut smd
position 134.775000 71.500000  orientation 0.00
layer front
$PAD "1"
Shape Roundrect Layer front
position -0.775000  0.000000  size  0.900000  0.950000  orientation 0.00
drill  0.000000
shape_offset  0.000000  0.000000
$EndPAD
$PAD "2"
Shape Roundrect Layer front
position  0.775000  0.000000  size  0.900000  0.950000  orientation 0.00
drill  0.000000
shape_offset  0.000000  0.000000
$EndPAD
$EndMODULE  C7

$MODULE D1
footprint LED_SMD:LED_0603_1608Metric
attribut smd
position 98.927500 68.000000  orientation 180.00
layer front
$PAD "1"
Shape Roundrect Layer front
position -0.787500  0.000000  size  0.875000  0.950000  orientation 0.00
drill  0.000000
shape_offset  0.000000  0.000000
$EndPAD
$PAD "2"
Shape Roundrect Layer front
position  0.787500  0.000000  size  0.875000  0.950000  orientation 0.00
drill  0.000000
shape_offset  0.000000  0.000000
$EndPAD
$EndMODULE  D1

$MODULE D2
footprint LED_SMD:LED_0603_1608Metric
attribut smd
position 143.787500 59.000000  orientation 180.00
layer front
$PAD "1"
Shape Roundrect Layer front
position -0.787500  0.000000  size  0.875000  0.950000  orientation 0.00
drill  0.000000
shape_offset  0.000000  0.000000
$EndPAD
$PAD "2"
Shape Roundrect Layer front
position  0.787500  0.000000  size  0.875000  0.950000  orientation 0.00
drill  0.000000
shape_offset  0.000000  0.000000
$EndPAD
$EndMODULE  D2

$MODULE D3
footprint Diode_SMD:D_0805_2012Metric
attribut smd
position 87.000000 78.937500  orientation -90.00
layer front
$PAD "1"
Shape Roundrect Layer front
position -0.937500  0.000000  size  0.975000  1.400000  orientation 360.00
drill  0.000000
shape_offset  0.000000  0.000000
$EndPAD
$PAD "2"
Shape Roundrect Layer front
position  0.937500  0.000000  size  0.975000  1.400000  orientation 360.00
drill  0.000000
shape_offset  0.000000  0.000000
$EndPAD
$EndMODULE  D3

$MODULE D4
footprint Diode_SMD:D_SOD-923
attribut smd
position 114.000000 53.500000  orientation 90.00
layer front
$PAD "1"
Shape Roundrect Layer front
position -0.420000  0.000000  size  0.360000  0.250000  orientation 180.00
drill  0.000000
shape_offset  0.000000  0.000000
$EndPAD
$PAD "2"
Shape Roundrect Layer front
position  0.420000  0.000000  size  0.360000  0.250000  orientation 180.00
drill  0.000000
shape_offset  0.000000  0.000000
$EndPAD
$EndMODULE  D4

$MODULE D5
footprint Diode_SMD:D_SOD-923
attribut smd
position 140.000000 65.920000  orientation 90.00
layer front
$PAD "1"
Shape Roundrect Layer front
position -0.420000  0.000000  size  0.360000  0.250000  orientation 180.00
drill  0.000000
shape_offset  0.000000  0.000000
$EndPAD
$PAD "2"
Shape Roundrect Layer front
position  0.420000  0.000000  size  0.360000  0.250000  orientation 180.00
drill  0.000000
shape_offset  0.000000  0.000000
$EndPAD
$EndMODULE  D5

$MODULE D6
footprint Diode_SMD:D_SOD-923
attribut smd
position 134.420000 69.500000  orientation 180.00
layer front
$PAD "1"
Shape Roundrect Layer front
position -0.420000  0.000000  size  0.360000  0.250000  orientation -180.00
drill  0.000000
shape_offset  0.000000  0.000000
$EndPAD
$PAD "2"
Shape Roundrect Layer front
position  0.420000  0.000000  size  0.360000  0.250000  orientation -180.00
drill  0.000000
shape_offset  0.000000  0.000000
$EndPAD
$EndMODULE  D6

$MODULE F1
footprint Fuse:Fuse_1206_3216Metric
attribut smd
position 92.500000 79.375000  orientation 90.00
layer front
$PAD "1"
Shape Roundrect Layer front
position -1.400000  0.000000  size  1.250000  1.750000  orientation 0.00
drill  0.000000
shape_offset  0.000000  0.000000
$EndPAD
$PAD "2"
Shape Roundrect Layer front
position  1.400000  0.000000  size  1.250000  1.750000  orientation 0.00
drill  0.000000
shape_offset  0.000000  0.000000
$EndPAD
$EndMODULE  F1

$MODULE FB1
footprint Inductor_SMD:L_0805_2012Metric
attribut smd
position 89.500000 78.875000  orientation -90.00
layer front
$PAD "1"
Shape Roundrect Layer front
position -1.062500  0.000000  size  0.875000  1.200000  orientation 360.00
drill  0.000000
shape_offset  0.000000  0.000000
$EndPAD
$PAD "2"
Shape Roundrect Layer front
position  1.062500  0.000000  size  0.875000  1.200000  orientation 360.00
drill  0.000000
shape_offset  0.000000  0.000000
$EndPAD
$EndMODULE  FB1

$MODULE H1
footprint MountingHole:MountingHole_3.2mm_M3
attribut virtual
position 85.000000 52.500000  orientation 0.00
layer front
$PAD ""
Shape Circle Layer both
position  0.000000  0.000000  size  3.200000  3.200000  orientation 0.00
drill  3.200000
shape_offset  0.000000  0.000000
$EndPAD
$EndMODULE  H1

$MODULE H2
footprint MountingHole:MountingHole_3.2mm_M3
attribut virtual
position 145.000000 52.500000  orientation 0.00
layer front
$PAD ""
Shape Circle Layer both
position  0.000000  0.000000  size  3.200000  3.200000  orientation 0.00
drill  3.200000
shape_offset  0.000000  0.000000
$EndPAD
$EndMODULE  H2

$MODULE H3
footprint MountingHole:MountingHole_3.2mm_M3
attribut virtual
position 144.500000 87.000000  orientation 0.00
layer front
$PAD ""
Shape Circle Layer both
position  0.000000  0.000000  size  3.200000  3.200000  orientation 0.00
drill  3.200000
shape_offset  0.000000  0.000000
$EndPAD
$EndMODULE  H3

$MODULE H4
footprint MountingHole:MountingHole_3.2mm_M3
attribut virtual
position 85.000000 87.000000  orientation 0.00
layer front
$PAD ""
Shape Circle Layer both
position  0.000000  0.000000  size  3.200000  3.200000  orientation 0.00
drill  3.200000
shape_offset  0.000000  0.000000
$EndPAD
$EndMODULE  H4

$MODULE J1
footprint Connector_JST:JST_SH_SM04B-SRSS-TB_1x04-1MP_P1.00mm_Horizontal
attribut smd
position 123.200000 88.625000  orientation 0.00
layer front
$PAD "1"
Shape Roundrect Layer front
position -1.500000 -2.000000  size  0.600000  1.550000  orientation 0.00
drill  0.000000
shape_offset  0.000000  0.000000
$EndPAD
$PAD "2"
Shape Roundrect Layer front
position -0.500000 -2.000000  size  0.600000  1.550000  orientation 0.00
drill  0.000000
shape_offset  0.000000  0.000000
$EndPAD
$PAD "3"
Shape Roundrect Layer front
position  0.500000 -2.000000  size  0.600000  1.550000  orientation 0.00
drill  0.000000
shape_offset  0.000000  0.000000
$EndPAD
$PAD "4"
Shape Roundrect Layer front
position  1.500000 -2.000000  size  0.600000  1.550000  orientation 0.00
drill  0.000000
shape_offset  0.000000  0.000000
$EndPAD
$PAD "MP"
Shape Roundrect Layer front
position -2.800000  1.875000  size  1.200000  1.800000  orientation 0.00
drill  0.000000
shape_offset  0.000000  0.000000
$EndPAD
$PAD "MP"
Shape Roundrect Layer front
position  2.800000  1.875000  size  1.200000  1.800000  orientation 0.00
drill  0.000000
shape_offset  0.000000  0.000000
$EndPAD
$EndMODULE  J1

$MODULE J2
footprint Connector_PinHeader_2.54mm:PinHeader_2x03_P2.54mm_Vertical
attribut none
position 142.500000 72.420000  orientation 0.00
layer front
$PAD "1"
Shape Rect Layer both
position  0.000000  0.000000  size  1.700000  1.700000  orientation 0.00
drill  1.000000
shape_offset  0.000000  0.000000
$EndPAD
$PAD "2"
Shape Circle Layer both
position  2.540000  0.000000  size  1.700000  1.700000  orientation 0.00
drill  1.000000
shape_offset  0.000000  0.000000
$EndPAD
$PAD "3"
Shape Circle Layer both
position  0.000000  2.540000  size  1.700000  1.700000  orientation 0.00
drill  1.000000
shape_offset  0.000000  0.000000
$EndPAD
$PAD "4"
Shape Circle Layer both
position  2.540000  2.540000  size  1.700000  1.700000  orientation 0.00
drill  1.000000
shape_offset  0.000000  0.000000
$EndPAD
$PAD "5"
Shape Circle Layer both
position  0.000000  5.080000  size  1.700000  1.700000  orientation 0.00
drill  1.000000
shape_offset  0.000000  0.000000
$EndPAD
$PAD "6"
Shape Circle Layer both
position  2.540000  5.080000  size  1.700000  1.700000  orientation 0.00
drill  1.000000
shape_offset  0.000000  0.000000
$EndPAD
$EndMODULE  J2

$MODULE J3
footprint Connector_JST:JST_SH_SM04B-SRSS-TB_1x04-1MP_P1.00mm_Horizontal
attribut smd
position 111.260000 88.855000  orientation 0.00
layer front
$PAD "1"
Shape Roundrect Layer front
position -1.500000 -2.000000  size  0.600000  1.550000  orientation 0.00
drill  0.000000
shape_offset  0.000000  0.000000
$EndPAD
$PAD "2"
Shape Roundrect Layer front
position -0.500000 -2.000000  size  0.600000  1.550000  orientation 0.00
drill  0.000000
shape_offset  0.000000  0.000000
$EndPAD
$PAD "3"
Shape Roundrect Layer front
position  0.500000 -2.000000  size  0.600000  1.550000  orientation 0.00
drill  0.000000
shape_offset  0.000000  0.000000
$EndPAD
$PAD "4"
Shape Roundrect Layer front
position  1.500000 -2.000000  size  0.600000  1.550000  orientation 0.00
drill  0.000000
shape_offset  0.000000  0.000000
$EndPAD
$PAD "MP"
Shape Roundrect Layer front
position -2.800000  1.875000  size  1.200000  1.800000  orientation 0.00
drill  0.000000
shape_offset  0.000000  0.000000
$EndPAD
$PAD "MP"
Shape Roundrect Layer front
position  2.800000  1.875000  size  1.200000  1.800000  orientation 0.00
drill  0.000000
shape_offset  0.000000  0.000000
$EndPAD
$EndMODULE  J3

$MODULE J4
footprint Connector_USB:USB_C_Receptacle_GCT_USB4105-xx-A_16P_TopMnt_Horizontal
attribut smd
position 95.680000 87.800000  orientation 0.00
layer front
$PAD ""
Shape Circle Layer both
position  2.890000 -2.605000  size  0.650000  0.650000  orientation 0.00
drill  0.650000
shape_offset  0.000000  0.000000
$EndPAD
$PAD ""
Shape Circle Layer both
position -2.890000 -2.605000  size  0.650000  0.650000  orientation 0.00
drill  0.650000
shape_offset  0.000000  0.000000
$EndPAD
$PAD "A1"
Shape Roundrect Layer front
position -3.200000 -3.680000  size  0.600000  1.150000  orientation 0.00
drill  0.000000
shape_offset  0.000000  0.000000
$EndPAD
$PAD "A4"
Shape Roundrect Layer front
position -2.400000 -3.680000  size  0.600000  1.150000  orientation 0.00
drill  0.000000
shape_offset  0.000000  0.000000
$EndPAD
$PAD "A5"
Shape Roundrect Layer front
position -1.250000 -3.680000  size  0.300000  1.150000  orientation 0.00
drill  0.000000
shape_offset  0.000000  0.000000
$EndPAD
$PAD "A6"
Shape Roundrect Layer front
position -0.250000 -3.680000  size  0.300000  1.150000  orientation 0.00
drill  0.000000
shape_offset  0.000000  0.000000
$EndPAD
$PAD "A7"
Shape Roundrect Layer front
position  0.250000 -3.680000  size  0.300000  1.150000  orientation 0.00
drill  0.000000
shape_offset  0.000000  0.000000
$EndPAD
$PAD "A8"
Shape Roundrect Layer front
position  1.250000 -3.680000  size  0.300000  1.150000  orientation 0.00
drill  0.000000
shape_offset  0.000000  0.000000
$EndPAD
$PAD "A9"
Shape Roundrect Layer front
position  2.400000 -3.680000  size  0.600000  1.150000  orientation 0.00
drill  0.000000
shape_offset  0.000000  0.000000
$EndPAD
$PAD "A12"
Shape Roundrect Layer front
position  3.200000 -3.680000  size  0.600000  1.150000  orientation 0.00
drill  0.000000
shape_offset  0.000000  0.000000
$EndPAD
$PAD "B1"
Shape Roundrect Layer front
position  3.200000 -3.680000  size  0.600000  1.150000  orientation 0.00
drill  0.000000
shape_offset  0.000000  0.000000
$EndPAD
$PAD "B4"
Shape Roundrect Layer front
position  2.400000 -3.680000  size  0.600000  1.150000  orientation 0.00
drill  0.000000
shape_offset  0.000000  0.000000
$EndPAD
$PAD "B5"
Shape Roundrect Layer front
position  1.750000 -3.680000  size  0.300000  1.150000  orientation 0.00
drill  0.000000
shape_offset  0.000000  0.000000
$EndPAD
$PAD "B6"
Shape Roundrect Layer front
position  0.750000 -3.680000  size  0.300000  1.150000  orientation 0.00
drill  0.000000
shape_offset  0.000000  0.000000
$EndPAD
$PAD "B7"
Shape Roundrect Layer front
position -0.750000 -3.680000  size  0.300000  1.150000  orientation 0.00
drill  0.000000
shape_offset  0.000000  0.000000
$EndPAD
$PAD "B8"
Shape Roundrect Layer front
position -1.750000 -3.680000  size  0.300000  1.150000  orientation 0.00
drill  0.000000
shape_offset  0.000000  0.000000
$EndPAD
$PAD "B9"
Shape Roundrect Layer front
position -2.400000 -3.680000  size  0.600000  1.150000  orientation 0.00
drill  0.000000
shape_offset  0.000000  0.000000
$EndPAD
$PAD "B12"
Shape Roundrect Layer front
position -3.200000 -3.680000  size  0.600000  1.150000  orientation 0.00
drill  0.000000
shape_offset  0.000000  0.000000
$EndPAD
$PAD "S1"
Shape Oval Layer both
position -4.320000 -3.105000  size  1.000000  2.100000  orientation 0.00
drill  0.600000
shape_offset  0.000000  0.000000
$EndPAD
$PAD "S1"
Shape Oval Layer both
position -4.320000  1.075000  size  1.000000  1.800000  orientation 0.00
drill  0.600000
shape_offset  0.000000  0.000000
$EndPAD
$PAD "S1"
Shape Oval Layer both
position  4.320000 -3.105000  size  1.000000  2.100000  orientation 0.00
drill  0.600000
shape_offset  0.000000  0.000000
$EndPAD
$PAD "S1"
Shape Oval Layer both
position  4.320000  1.075000  size  1.000000  1.800000  orientation 0.00
drill  0.600000
shape_offset  0.000000  0.000000
$EndPAD
$EndMODULE  J4

$MODULE J5
footprint Connector_PinHeader_2.54mm:PinHeader_2x05_P2.54mm_Vertical
attribut none
position 117.380000 77.540000  orientation 90.00
layer front
$PAD "1"
Shape Rect Layer both
position  0.000000  0.000000  size  1.700000  1.700000  orientation 0.00
drill  1.000000
shape_offset  0.000000  0.000000
$EndPAD
$PAD "2"
Shape Circle Layer both
position  2.540000  0.000000  size  1.700000  1.700000  orientation 0.00
drill  1.000000
shape_offset  0.000000  0.000000
$EndPAD
$PAD "3"
Shape Circle Layer both
position  0.000000  2.540000  size  1.700000  1.700000  orientation 0.00
drill  1.000000
shape_offset  0.000000  0.000000
$EndPAD
$PAD "4"
Shape Circle Layer both
position  2.540000  2.540000  size  1.700000  1.700000  orientation 0.00
drill  1.000000
shape_offset  0.000000  0.000000
$EndPAD
$PAD "5"
Shape Circle Layer both
position  0.000000  5.080000  size  1.700000  1.700000  orientation 0.00
drill  1.000000
shape_offset  0.000000  0.000000
$EndPAD
$PAD "6"
Shape Circle Layer both
position  2.540000  5.080000  size  1.700000  1.700000  orientation 0.00
drill  1.000000
shape_offset  0.000000  0.000000
$EndPAD
$PAD "7"
Shape Circle Layer both
position  0.000000  7.620000  size  1.700000  1.700000  orientation 0.00
drill  1.000000
shape_offset  0.000000  0.000000
$EndPAD
$PAD "8"
Shape Circle Layer both
position  2.540000  7.620000  size  1.700000  1.700000  orientation 0.00
drill  1.000000
shape_offset  0.000000  0.000000
$EndPAD
$PAD "9"
Shape Circle Layer both
position  0.000000 10.160000  size  1.700000  1.700000  orientation 0.00
drill  1.000000
shape_offset  0.000000  0.000000
$EndPAD
$PAD "10"
Shape Circle Layer both
position  2.540000 10.160000  size  1.700000  1.700000  orientation 0.00
drill  1.000000
shape_offset  0.000000  0.000000
$EndPAD
$EndMODULE  J5

$MODULE J6
footprint Connector_PinHeader_2.54mm:PinHeader_2x03_P2.54mm_Vertical
attribut none
position 108.000000 62.960000  orientation 0.00
layer front
$PAD "1"
Shape Rect Layer both
position  0.000000  0.000000  size  1.700000  1.700000  orientation 0.00
drill  1.000000
shape_offset  0.000000  0.000000
$EndPAD
$PAD "2"
Shape Circle Layer both
position  2.540000  0.000000  size  1.700000  1.700000  orientation 0.00
drill  1.000000
shape_offset  0.000000  0.000000
$EndPAD
$PAD "3"
Shape Circle Layer both
position  0.000000  2.540000  size  1.700000  1.700000  orientation 0.00
drill  1.000000
shape_offset  0.000000  0.000000
$EndPAD
$PAD "4"
Shape Circle Layer both
position  2.540000  2.540000  size  1.700000  1.700000  orientation 0.00
drill  1.000000
shape_offset  0.000000  0.000000
$EndPAD
$PAD "5"
Shape Circle Layer both
position  0.000000  5.080000  size  1.700000  1.700000  orientation 0.00
drill  1.000000
shape_offset  0.000000  0.000000
$EndPAD
$PAD "6"
Shape Circle Layer both
position  2.540000  5.080000  size  1.700000  1.700000  orientation 0.00
drill  1.000000
shape_offset  0.000000  0.000000
$EndPAD
$EndMODULE  J6

$MODULE R1
footprint Resistor_SMD:R_0402_1005Metric_Pad0.72x0.64mm_HandSolder
attribut smd
position 95.000000 80.375000  orientation 90.00
layer front
$PAD "1"
Shape Roundrect Layer front
position -0.597500  0.000000  size  0.715000  0.640000  orientation 0.00
drill  0.000000
shape_offset  0.000000  0.000000
$EndPAD
$PAD "2"
Shape Roundrect Layer front
position  0.597500  0.000000  size  0.715000  0.640000  orientation 0.00
drill  0.000000
shape_offset  0.000000  0.000000
$EndPAD
$EndMODULE  R1

$MODULE R2
footprint Resistor_SMD:R_0402_1005Metric_Pad0.72x0.64mm_HandSolder
attribut smd
position 97.500000 80.277500  orientation 90.00
layer front
$PAD "1"
Shape Roundrect Layer front
position -0.597500  0.000000  size  0.715000  0.640000  orientation 0.00
drill  0.000000
shape_offset  0.000000  0.000000
$EndPAD
$PAD "2"
Shape Roundrect Layer front
position  0.597500  0.000000  size  0.715000  0.640000  orientation 0.00
drill  0.000000
shape_offset  0.000000  0.000000
$EndPAD
$EndMODULE  R2

$MODULE R3
footprint Resistor_SMD:R_0402_1005Metric_Pad0.72x0.64mm_HandSolder
attribut smd
position 95.042500 68.000000  orientation 0.00
layer front
$PAD "1"
Shape Roundrect Layer front
position -0.597500  0.000000  size  0.715000  0.640000  orientation 0.00
drill  0.000000
shape_offset  0.000000  0.000000
$EndPAD
$PAD "2"
Shape Roundrect Layer front
position  0.597500  0.000000  size  0.715000  0.640000  orientation 0.00
drill  0.000000
shape_offset  0.000000  0.000000
$EndPAD
$EndMODULE  R3

$MODULE R4
footprint Resistor_SMD:R_0402_1005Metric_Pad0.72x0.64mm_HandSolder
attribut smd
position 140.500000 59.000000  orientation 0.00
layer front
$PAD "1"
Shape Roundrect Layer front
position -0.597500  0.000000  size  0.715000  0.640000  orientation 0.00
drill  0.000000
shape_offset  0.000000  0.000000
$EndPAD
$PAD "2"
Shape Roundrect Layer front
position  0.597500  0.000000  size  0.715000  0.640000  orientation 0.00
drill  0.000000
shape_offset  0.000000  0.000000
$EndPAD
$EndMODULE  R4

$MODULE R5
footprint Resistor_SMD:R_0402_1005Metric_Pad0.72x0.64mm_HandSolder
attribut smd
position 113.857500 82.355000  orientation 180.00
layer front
$PAD "1"
Shape Roundrect Layer front
position -0.597500  0.000000  size  0.715000  0.640000  orientation 0.00
drill  0.000000
shape_offset  0.000000  0.000000
$EndPAD
$PAD "2"
Shape Roundrect Layer front
position  0.597500  0.000000  size  0.715000  0.640000  orientation 0.00
drill  0.000000
shape_offset  0.000000  0.000000
$EndPAD
$EndMODULE  R5

$MODULE R6
footprint Resistor_SMD:R_0402_1005Metric_Pad0.72x0.64mm_HandSolder
attribut smd
position 110.857500 82.355000  orientation 0.00
layer front
$PAD "1"
Shape Roundrect Layer front
position -0.597500  0.000000  size  0.715000  0.640000  orientation 0.00
drill  0.000000
shape_offset  0.000000  0.000000
$EndPAD
$PAD "2"
Shape Roundrect Layer front
position  0.597500  0.000000  size  0.715000  0.640000  orientation 0.00
drill  0.000000
shape_offset  0.000000  0.000000
$EndPAD
$EndMODULE  R6

$MODULE R7
footprint Resistor_SMD:R_0402_1005Metric_Pad0.72x0.64mm_HandSolder
attribut smd
position 116.000000 53.202500  orientation 90.00
layer front
$PAD "1"
Shape Roundrect Layer front
position -0.597500  0.000000  size  0.715000  0.640000  orientation 0.00
drill  0.000000
shape_offset  0.000000  0.000000
$EndPAD
$PAD "2"
Shape Roundrect Layer front
position  0.597500  0.000000  size  0.715000  0.640000  orientation 0.00
drill  0.000000
shape_offset  0.000000  0.000000
$EndPAD
$EndMODULE  R7

$MODULE R8
footprint Resistor_SMD:R_0402_1005Metric_Pad0.72x0.64mm_HandSolder
attribut smd
position 120.500000 69.500000  orientation 0.00
layer front
$PAD "1"
Shape Roundrect Layer front
position -0.597500  0.000000  size  0.715000  0.640000  orientation 0.00
drill  0.000000
shape_offset  0.000000  0.000000
$EndPAD
$PAD "2"
Shape Roundrect Layer front
position  0.597500  0.000000  size  0.715000  0.640000  orientation 0.00
drill  0.000000
shape_offset  0.000000  0.000000
$EndPAD
$EndMODULE  R8

$MODULE R9
footprint Resistor_SMD:R_0402_1005Metric_Pad0.72x0.64mm_HandSolder
attribut smd
position 131.597500 71.500000  orientation 0.00
layer front
$PAD "1"
Shape Roundrect Layer front
position -0.597500  0.000000  size  0.715000  0.640000  orientation 0.00
drill  0.000000
shape_offset  0.000000  0.000000
$EndPAD
$PAD "2"
Shape Roundrect Layer front
position  0.597500  0.000000  size  0.715000  0.640000  orientation 0.00
drill  0.000000
shape_offset  0.000000  0.000000
$EndPAD
$EndMODULE  R9

$MODULE SW1
footprint Button_Switch_SMD:SW_SPST_B3U-1000P
attribut smd
position 109.000000 54.300000  orientation 90.00
layer front
$PAD "1"
Shape Rect Layer front
position -1.700000  0.000000  size  0.900000  1.700000  orientation 0.00
drill  0.000000
shape_offset  0.000000  0.000000
$EndPAD
$PAD "2"
Shape Rect Layer front
position  1.700000  0.000000  size  0.900000  1.700000  orientation 0.00
drill  0.000000
shape_offset  0.000000  0.000000
$EndPAD
$EndMODULE  SW1

$MODULE SW2
footprint Button_Switch_SMD:SW_SPST_B3U-1000P
attribut smd
position 133.800000 74.500000  orientation 180.00
layer front
$PAD "1"
Shape Rect Layer front
position -1.700000  0.000000  size  0.900000  1.700000  orientation 0.00
drill  0.000000
shape_offset  0.000000  0.000000
$EndPAD
$PAD "2"
Shape Rect Layer front
position  1.700000  0.000000  size  0.900000  1.700000  orientation 0.00
drill  0.000000
shape_offset  0.000000  0.000000
$EndPAD
$EndMODULE  SW2

$MODULE SW3
footprint Button_Switch_SMD:SW_SPST_B3U-1000P
attribut smd
position 143.000000 64.700000  orientation 90.00
layer front
$PAD "1"
Shape Rect Layer front
position -1.700000  0.000000  size  0.900000  1.700000  orientation 0.00
drill  0.000000
shape_offset  0.000000  0.000000
$EndPAD
$PAD "2"
Shape Rect Layer front
position  1.700000  0.000000  size  0.900000  1.700000  orientation 0.00
drill  0.000000
shape_offset  0.000000  0.000000
$EndPAD
$EndMODULE  SW3

$MODULE U1
footprint RF_Module:ESP32-S3-WROOM-1
attribut smd
position 128.100000 54.140000  orientation 0.00
layer front
$PAD ""
Shape Rect Layer nocopper
position -2.900000  1.060000  size  0.900000  0.900000  orientation 0.00
drill  0.000000
shape_offset  0.000000  0.000000
$EndPAD
$PAD ""
Shape Rect Layer nocopper
position -2.900000  2.460000  size  0.900000  0.900000  orientation 270.00
drill  0.000000
shape_offset  0.000000  0.000000
$EndPAD
$PAD ""
Shape Rect Layer nocopper
position -2.900000  3.860000  size  0.900000  0.900000  orientation 0.00
drill  0.000000
shape_offset  0.000000  0.000000
$EndPAD
$PAD ""
Shape Rect Layer nocopper
position -1.500000  1.060000  size  0.900000  0.900000  orientation 270.00
drill  0.000000
shape_offset  0.000000  0.000000
$EndPAD
$PAD ""
Shape Rect Layer nocopper
position -1.500000  2.460000  size  0.900000  0.900000  orientation 270.00
drill  0.000000
shape_offset  0.000000  0.000000
$EndPAD
$PAD ""
Shape Rect Layer nocopper
position -1.500000  3.860000  size  0.900000  0.900000  orientation 270.00
drill  0.000000
shape_offset  0.000000  0.000000
$EndPAD
$PAD ""
Shape Rect Layer nocopper
position -0.100000  1.060000  size  0.900000  0.900000  orientation 270.00
drill  0.000000
shape_offset  0.000000  0.000000
$EndPAD
$PAD ""
Shape Rect Layer nocopper
position -0.100000  2.460000  size  0.900000  0.900000  orientation 270.00
drill  0.000000
shape_offset  0.000000  0.000000
$EndPAD
$PAD ""
Shape Rect Layer nocopper
position -0.100000  3.860000  size  0.900000  0.900000  orientation 270.00
drill  0.000000
shape_offset  0.000000  0.000000
$EndPAD
$PAD "1"
Shape Rect Layer front
position -8.750000 -5.260000  size  1.500000  0.900000  orientation 0.00
drill  0.000000
shape_offset  0.000000  0.000000
$EndPAD
$PAD "2"
Shape Rect Layer front
position -8.750000 -3.990000  size  1.500000  0.900000  orientation 0.00
drill  0.000000
shape_offset  0.000000  0.000000
$EndPAD
$PAD "3"
Shape Rect Layer front
position -8.750000 -2.720000  size  1.500000  0.900000  orientation 0.00
drill  0.000000
shape_offset  0.000000  0.000000
$EndPAD
$PAD "4"
Shape Rect Layer front
position -8.750000 -1.450000  size  1.500000  0.900000  orientation 0.00
drill  0.000000
shape_offset  0.000000  0.000000
$EndPAD
$PAD "5"
Shape Rect Layer front
position -8.750000 -0.180000  size  1.500000  0.900000  orientation 0.00
drill  0.000000
shape_offset  0.000000  0.000000
$EndPAD
$PAD "6"
Shape Rect Layer front
position -8.750000  1.090000  size  1.500000  0.900000  orientation 0.00
drill  0.000000
shape_offset  0.000000  0.000000
$EndPAD
$PAD "7"
Shape Rect Layer front
position -8.750000  2.360000  size  1.500000  0.900000  orientation 0.00
drill  0.000000
shape_offset  0.000000  0.000000
$EndPAD
$PAD "8"
Shape Rect Layer front
position -8.750000  3.630000  size  1.500000  0.900000  orientation 0.00
drill  0.000000
shape_offset  0.000000  0.000000
$EndPAD
$PAD "9"
Shape Rect Layer front
position -8.750000  4.900000  size  1.500000  0.900000  orientation 0.00
drill  0.000000
shape_offset  0.000000  0.000000
$EndPAD
$PAD "10"
Shape Rect Layer front
position -8.750000  6.170000  size  1.500000  0.900000  orientation 0.00
drill  0.000000
shape_offset  0.000000  0.000000
$EndPAD
$PAD "11"
Shape Rect Layer front
position -8.750000  7.440000  size  1.500000  0.900000  orientation 0.00
drill  0.000000
shape_offset  0.000000  0.000000
$EndPAD
$PAD "12"
Shape Rect Layer front
position -8.750000  8.710000  size  1.500000  0.900000  orientation 0.00
drill  0.000000
shape_offset  0.000000  0.000000
$EndPAD
$PAD "13"
Shape Rect Layer front
position -8.750000  9.980000  size  1.500000  0.900000  orientation 0.00
drill  0.000000
shape_offset  0.000000  0.000000
$EndPAD
$PAD "14"
Shape Rect Layer front
position -8.750000 11.250000  size  1.500000  0.900000  orientation 180.00
drill  0.000000
shape_offset  0.000000  0.000000
$EndPAD
$PAD "15"
Shape Rect Layer front
position -6.985000 12.500000  size  1.500000  0.900000  orientation 270.00
drill  0.000000
shape_offset  0.000000  0.000000
$EndPAD
$PAD "16"
Shape Rect Layer front
position -5.715000 12.500000  size  1.500000  0.900000  orientation 270.00
drill  0.000000
shape_offset  0.000000  0.000000
$EndPAD
$PAD "17"
Shape Rect Layer front
position -4.445000 12.500000  size  1.500000  0.900000  orientation 270.00
drill  0.000000
shape_offset  0.000000  0.000000
$EndPAD
$PAD "18"
Shape Rect Layer front
position -3.175000 12.500000  size  1.500000  0.900000  orientation 270.00
drill  0.000000
shape_offset  0.000000  0.000000
$EndPAD
$PAD "19"
Shape Rect Layer front
position -1.905000 12.500000  size  1.500000  0.900000  orientation 270.00
drill  0.000000
shape_offset  0.000000  0.000000
$EndPAD
$PAD "20"
Shape Rect Layer front
position -0.635000 12.500000  size  1.500000  0.900000  orientation 270.00
drill  0.000000
shape_offset  0.000000  0.000000
$EndPAD
$PAD "21"
Shape Rect Layer front
position  0.635000 12.500000  size  1.500000  0.900000  orientation 270.00
drill  0.000000
shape_offset  0.000000  0.000000
$EndPAD
$PAD "22"
Shape Rect Layer front
position  1.905000 12.500000  size  1.500000  0.900000  orientation 270.00
drill  0.000000
shape_offset  0.000000  0.000000
$EndPAD
$PAD "23"
Shape Rect Layer front
position  3.175000 12.500000  size  1.500000  0.900000  orientation 270.00
drill  0.000000
shape_offset  0.000000  0.000000
$EndPAD
$PAD "24"
Shape Rect Layer front
position  4.445000 12.500000  size  1.500000  0.900000  orientation 270.00
drill  0.000000
shape_offset  0.000000  0.000000
$EndPAD
$PAD "25"
Shape Rect Layer front
position  5.715000 12.500000  size  1.500000  0.900000  orientation 270.00
drill  0.000000
shape_offset  0.000000  0.000000
$EndPAD
$PAD "26"
Shape Rect Layer front
position  6.985000 12.500000  size  1.500000  0.900000  orientation 270.00
drill  0.000000
shape_offset  0.000000  0.000000
$EndPAD
$PAD "27"
Shape Rect Layer front
position  8.750000 11.250000  size  1.500000  0.900000  orientation 0.00
drill  0.000000
shape_offset  0.000000  0.000000
$EndPAD
$PAD "28"
Shape Rect Layer front
position  8.750000  9.980000  size  1.500000  0.900000  orientation 0.00
drill  0.000000
shape_offset  0.000000  0.000000
$EndPAD
$PAD "29"
Shape Rect Layer front
position  8.750000  8.710000  size  1.500000  0.900000  orientation 0.00
drill  0.000000
shape_offset  0.000000  0.000000
$EndPAD
$PAD "30"
Shape Rect Layer front
position  8.750000  7.440000  size  1.500000  0.900000  orientation 0.00
drill  0.000000
shape_offset  0.000000  0.000000
$EndPAD
$PAD "31"
Shape Rect Layer front
position  8.750000  6.170000  size  1.500000  0.900000  orientation 0.00
drill  0.000000
shape_offset  0.000000  0.000000
$EndPAD
$PAD "32"
Shape Rect Layer front
position  8.750000  4.900000  size  1.500000  0.900000  orientation 0.00
drill  0.000000
shape_offset  0.000000  0.000000
$EndPAD
$PAD "33"
Shape Rect Layer front
position  8.750000  3.630000  size  1.500000  0.900000  orientation 0.00
drill  0.000000
shape_offset  0.000000  0.000000
$EndPAD
$PAD "34"
Shape Rect Layer front
position  8.750000  2.360000  size  1.500000  0.900000  orientation 0.00
drill  0.000000
shape_offset  0.000000  0.000000
$EndPAD
$PAD "35"
Shape Rect Layer front
position  8.750000  1.090000  size  1.500000  0.900000  orientation 0.00
drill  0.000000
shape_offset  0.000000  0.000000
$EndPAD
$PAD "36"
Shape Rect Layer front
position  8.750000 -0.180000  size  1.500000  0.900000  orientation 0.00
drill  0.000000
shape_offset  0.000000  0.000000
$EndPAD
$PAD "37"
Shape Rect Layer front
position  8.750000 -1.450000  size  1.500000  0.900000  orientation 0.00
drill  0.000000
shape_offset  0.000000  0.000000
$EndPAD
$PAD "38"
Shape Rect Layer front
position  8.750000 -2.720000  size  1.500000  0.900000  orientation 0.00
drill  0.000000
shape_offset  0.000000  0.000000
$EndPAD
$PAD "39"
Shape Rect Layer front
position  8.750000 -3.990000  size  1.500000  0.900000  orientation 0.00
drill  0.000000
shape_offset  0.000000  0.000000
$EndPAD
$PAD "40"
Shape Rect Layer front
position  8.750000 -5.260000  size  1.500000  0.900000  orientation 0.00
drill  0.000000
shape_offset  0.000000  0.000000
$EndPAD
$PAD "41"
Shape Circle Layer both
position -0.100000  3.160000  size  0.600000  0.600000  orientation 0.00
drill  0.200000
shape_offset  0.000000  0.000000
$EndPAD
$PAD "41"
Shape Circle Layer both
position -2.900000  1.760000  size  0.600000  0.600000  orientation 90.00
drill  0.200000
shape_offset  0.000000  0.000000
$EndPAD
$PAD "41"
Shape Circle Layer both
position -2.900000  3.160000  size  0.600000  0.600000  orientation 0.00
drill  0.200000
shape_offset  0.000000  0.000000
$EndPAD
$PAD "41"
Shape Circle Layer both
position -2.200000  1.060000  size  0.600000  0.600000  orientation 0.00
drill  0.200000
shape_offset  0.000000  0.000000
$EndPAD
$PAD "41"
Shape Circle Layer both
position -2.200000  2.460000  size  0.600000  0.600000  orientation 0.00
drill  0.200000
shape_offset  0.000000  0.000000
$EndPAD
$PAD "41"
Shape Circle Layer both
position -2.200000  3.860000  size  0.600000  0.600000  orientation 0.00
drill  0.200000
shape_offset  0.000000  0.000000
$EndPAD
$PAD "41"
Shape Circle Layer both
position -1.500000  1.760000  size  0.600000  0.600000  orientation 0.00
drill  0.200000
shape_offset  0.000000  0.000000
$EndPAD
$PAD "41"
Shape Rect Layer front
position -1.500000  2.460000  size  3.900000  3.900000  orientation 270.00
drill  0.000000
shape_offset  0.000000  0.000000
$EndPAD
$PAD "41"
Shape Circle Layer both
position -1.500000  3.160000  size  0.600000  0.600000  orientation 0.00
drill  0.200000
shape_offset  0.000000  0.000000
$EndPAD
$PAD "41"
Shape Circle Layer both
position -0.800000  1.060000  size  0.600000  0.600000  orientation 0.00
drill  0.200000
shape_offset  0.000000  0.000000
$EndPAD
$PAD "41"
Shape Circle Layer both
position -0.800000  2.460000  size  0.600000  0.600000  orientation 0.00
drill  0.200000
shape_offset  0.000000  0.000000
$EndPAD
$PAD "41"
Shape Circle Layer both
position -0.800000  3.860000  size  0.600000  0.600000  orientation 0.00
drill  0.200000
shape_offset  0.000000  0.000000
$EndPAD
$PAD "41"
Shape Circle Layer both
position -0.100000  1.760000  size  0.600000  0.600000  orientation 0.00
drill  0.200000
shape_offset  0.000000  0.000000
$EndPAD
$EndMODULE  U1

$MODULE U2
footprint Package_TO_SOT_SMD:SOT-23-6
attribut smd
position 96.050000 74.375000  orientation 90.00
layer front
$PAD "1"
Shape Roundrect Layer front
position -1.137500 -0.950000  size  1.325000  0.600000  orientation 0.00
drill  0.000000
shape_offset  0.000000  0.000000
$EndPAD
$PAD "2"
Shape Roundrect Layer front
position -1.137500  0.000000  size  1.325000  0.600000  orientation 0.00
drill  0.000000
shape_offset  0.000000  0.000000
$EndPAD
$PAD "3"
Shape Roundrect Layer front
position -1.137500  0.950000  size  1.325000  0.600000  orientation 0.00
drill  0.000000
shape_offset  0.000000  0.000000
$EndPAD
$PAD "4"
Shape Roundrect Layer front
position  1.137500  0.950000  size  1.325000  0.600000  orientation 0.00
drill  0.000000
shape_offset  0.000000  0.000000
$EndPAD
$PAD "5"
Shape Roundrect Layer front
position  1.137500  0.000000  size  1.325000  0.600000  orientation 0.00
drill  0.000000
shape_offset  0.000000  0.000000
$EndPAD
$PAD "6"
Shape Roundrect Layer front
position  1.137500 -0.950000  size  1.325000  0.600000  orientation 0.00
drill  0.000000
shape_offset  0.000000  0.000000
$EndPAD
$EndMODULE  U2

$MODULE U3
footprint Package_TO_SOT_SMD:TO-252-3_TabPin2
attribut smd
position 96.680000 61.720000  orientation 0.00
layer front
$PAD ""
Shape Roundrect Layer nocopper
position -0.415000 -1.525000  size  3.050000  2.750000  orientation 0.00
drill  0.000000
shape_offset  0.000000  0.000000
$EndPAD
$PAD ""
Shape Roundrect Layer nocopper
position -0.415000  1.525000  size  3.050000  2.750000  orientation 0.00
drill  0.000000
shape_offset  0.000000  0.000000
$EndPAD
$PAD ""
Shape Roundrect Layer nocopper
position  2.935000 -1.525000  size  3.050000  2.750000  orientation 0.00
drill  0.000000
shape_offset  0.000000  0.000000
$EndPAD
$PAD ""
Shape Roundrect Layer nocopper
position  2.935000  1.525000  size  3.050000  2.750000  orientation 0.00
drill  0.000000
shape_offset  0.000000  0.000000
$EndPAD
$PAD "1"
Shape Roundrect Layer front
position -5.040000 -2.280000  size  2.200000  1.200000  orientation 0.00
drill  0.000000
shape_offset  0.000000  0.000000
$EndPAD
$PAD "2"
Shape Roundrect Layer front
position -5.040000  0.000000  size  2.200000  1.200000  orientation 0.00
drill  0.000000
shape_offset  0.000000  0.000000
$EndPAD
$PAD "2"
Shape Roundrect Layer front
position  1.260000  0.000000  size  6.400000  5.800000  orientation 0.00
drill  0.000000
shape_offset  0.000000  0.000000
$EndPAD
$PAD "3"
Shape Roundrect Layer front
position -5.040000  2.280000  size  2.200000  1.200000  orientation 0.00
drill  0.000000
shape_offset  0.000000  0.000000
$EndPAD
$EndMODULE  U3

$EndDESCRIPTION
